<?xml version="1.0" encoding="UTF-8"?>
<!-- Generated by org.testng.reporters.JUnitXMLReporter -->
<testsuite ignored="0" hostname="DESKTOP-07935JK" failures="0" tests="12" name="Test" time="2.822" errors="0" timestamp="2025-09-14T18:57:57 IST">
  <testcase classname="testNG.ListenerTestCaseClass" name="@BeforeClass setUpMethod" time="2.329">
    <failure type="org.openqa.selenium.SessionNotCreatedException" message="Could not start a new session. Response code 500. Message: session not created: This version of ChromeDriver only supports Chrome version 128
Current browser version is 140.0.7339.128 with binary path C:\Program Files\Google\Chrome\Application\chrome.exe 
Host info: host: &amp;apos;DESKTOP-07935JK&amp;apos;, ip: &amp;apos;192.168.1.4&amp;apos;
Build info: version: &amp;apos;4.21.0&amp;apos;, revision: &amp;apos;79ed462ef4&amp;apos;
System info: os.name: &amp;apos;Windows 10&amp;apos;, os.arch: &amp;apos;amd64&amp;apos;, os.version: &amp;apos;10.0&amp;apos;, java.version: &amp;apos;17&amp;apos;
Driver info: org.openqa.selenium.chrome.ChromeDriver
Command: [null, newSession {capabilities=[Capabilities {browserName: chrome, goog:chromeOptions: {args: [], extensions: []}}]}]">
      <![CDATA[org.openqa.selenium.SessionNotCreatedException: Could not start a new session. Response code 500. Message: session not created: This version of ChromeDriver only supports Chrome version 128
Current browser version is 140.0.7339.128 with binary path C:\Program Files\Google\Chrome\Application\chrome.exe 
Host info: host: 'DESKTOP-07935JK', ip: '192.168.1.4'
Build info: version: '4.21.0', revision: '79ed462ef4'
System info: os.name: 'Windows 10', os.arch: 'amd64', os.version: '10.0', java.version: '17'
Driver info: org.openqa.selenium.chrome.ChromeDriver
Command: [null, newSession {capabilities=[Capabilities {browserName: chrome, goog:chromeOptions: {args: [], extensions: []}}]}]
at org.openqa.selenium.remote.ProtocolHandshake.createSession(ProtocolHandshake.java:114)
at org.openqa.selenium.remote.ProtocolHandshake.createSession(ProtocolHandshake.java:75)
at org.openqa.selenium.remote.ProtocolHandshake.createSession(ProtocolHandshake.java:61)
at org.openqa.selenium.remote.HttpCommandExecutor.execute(HttpCommandExecutor.java:162)
at org.openqa.selenium.remote.service.DriverCommandExecutor.invokeExecute(DriverCommandExecutor.java:216)
at org.openqa.selenium.remote.service.DriverCommandExecutor.execute(DriverCommandExecutor.java:174)
at org.openqa.selenium.remote.RemoteWebDriver.execute(RemoteWebDriver.java:518)
at org.openqa.selenium.remote.RemoteWebDriver.startSession(RemoteWebDriver.java:232)
at org.openqa.selenium.remote.RemoteWebDriver.<init>(RemoteWebDriver.java:161)
at org.openqa.selenium.chromium.ChromiumDriver.<init>(ChromiumDriver.java:114)
at org.openqa.selenium.chrome.ChromeDriver.<init>(ChromeDriver.java:88)
at org.openqa.selenium.chrome.ChromeDriver.<init>(ChromeDriver.java:83)
at org.openqa.selenium.chrome.ChromeDriver.<init>(ChromeDriver.java:51)
at testNG.ListenerTestCaseClass.setUpMethod(ListenerTestCaseClass.java:32)
at java.base/java.util.ArrayList.forEach(ArrayList.java:1511)
... Removed 25 stack frames]]>
    </failure>
  </testcase> <!-- @BeforeClass setUpMethod -->
  <testcase classname="testNG.ListenerTestCaseClass" name="@AfterClass tearDownMethod" time="0.0">
    <skipped/>
  </testcase> <!-- @AfterClass tearDownMethod -->
  <testcase classname="testNG.ListenerTestCaseClass" name="passMethod" time="0.0">
    <skipped/>
  </testcase> <!-- passMethod -->
  <testcase classname="testNG.ListenerTestCaseClass" name="failMethod" time="0.0">
    <skipped/>
  </testcase> <!-- failMethod -->
  <testcase classname="testNG.ListenerTestCaseClass" name="skipMethod" time="0.0">
    <skipped/>
  </testcase> <!-- skipMethod -->
  <testcase classname="testNG.TestNgAnnotations" name="dataProviderTest" time="0.002"/>
  <testcase classname="testNG.TestNgAnnotations" name="dataProviderTest" time="0.002"/>
  <testcase classname="testNG.TestNgAnnotations" name="dependsOnMethods" time="0.003"/>
  <testcase classname="testNG.TestNgAnnotations" name="invocationCount" time="0.003"/>
  <testcase classname="testNG.TestNgAnnotations" name="invocationCount" time="0.004"/>
  <testcase classname="testNG.TestNgAnnotations" name="invocationCount" time="0.002"/>
  <testcase classname="testNG.TestNgAnnotations" name="parameters" time="0.001"/>
  <testcase classname="testNG.TestNgAnnotations" name="parametersOptional" time="0.001"/>
  <testcase classname="testNG.TestNgAnnotations" name="enabled" time="0.002"/>
</testsuite> <!-- Test -->
